#
# A fatal error has been detected by the Java Runtime Environment:
#
#  EXCEPTION_UNCAUGHT_CXX_EXCEPTION (0xe06d7363) at pc=0x00007ffef3a21f08, pid=4252, tid=3204
#
# JRE version: Java(TM) SE Runtime Environment (8.0_45-b15) (build 1.8.0_45-b15)
# Java VM: Java HotSpot(TM) 64-Bit Server VM (25.45-b02 mixed mode windows-amd64 compressed oops)
# Problematic frame:
# C  [KERNELBASE.dll+0x71f08]
#
# Failed to write core dump. Minidumps are not enabled by default on client versions of Windows
#
# If you would like to submit a bug report, please visit:
#   http://bugreport.java.com/bugreport/crash.jsp
#

---------------  T H R E A D  ---------------

Current thread (0x0000000013fc7000):  VMThread [stack: 0x0000000015ca0000,0x0000000015da0000] [id=3204]

siginfo: ExceptionCode=0xe06d7363, ExceptionInformation=0x0000000019930520 0x0000000015d9f388 0x00007ffeeab82cb8 0x00007ffeeaad0000 

Registers:
RAX=0x0000000000000000, RBX=0x00007ffeeab82cb8, RCX=0x0000000000000000, RDX=0x0000000000000000
RSP=0x0000000015d9f1d0, RBP=0x0000000015d9f310, RSI=0x00000000ffffffff, RDI=0x000000000058d780
R8 =0x0000000000000000, R9 =0x0000000000000000, R10=0x0000000000000000, R11=0x0000000000000000
R12=0x0000000000000001, R13=0x0000000000000008, R14=0x0000000000000000, R15=0xffffffffffffffff
RIP=0x00007ffef3a21f08, EFLAGS=0x0000000000000202

Top of Stack: (sp=0x0000000015d9f1d0)
0x0000000015d9f1d0:   0000000000000000 00007ffeeab82cb8
0x0000000015d9f1e0:   00000000ffffffff 000000000058d780
0x0000000015d9f1f0:   00000001e06d7363 0000000000000000
0x0000000015d9f200:   00007ffef3a21f08 00007ffe00000004
0x0000000015d9f210:   0000000019930520 0000000015d9f388
0x0000000015d9f220:   00007ffeeab82cb8 00007ffeeaad0000
0x0000000015d9f230:   0000000000000001 000000000058d780
0x0000000015d9f240:   00000000ffffffff 0000000015d9f320
0x0000000015d9f250:   0000000015d9f310 00007ffef727776f
0x0000000015d9f260:   0000000000000008 0000000000000000
0x0000000015d9f270:   0000000000000008 0000000000000001
0x0000000015d9f280:   00007ffeeab99000 00007ffeeaad0000
0x0000000015d9f290:   000008c071d39400 00000000000003ff
0x0000000015d9f2a0:   00007ffeeab82cb8 00007ffeeab2e92c
0x0000000015d9f2b0:   00000000c0000001 0000000000000008
0x0000000015d9f2c0:   0000000000000001 000000000058d780 

Instructions: (pc=0x00007ffef3a21f08)
0x00007ffef3a21ee8:   49 8b d1 44 0f 47 c0 44 89 44 24 38 49 c1 e0 03
0x00007ffef3a21ef8:   e8 27 b2 00 00 48 8d 4c 24 20 ff 15 e8 a7 05 00
0x00007ffef3a21f08:   48 8b 8c 24 c0 00 00 00 48 33 cc e8 98 7a 00 00
0x00007ffef3a21f18:   48 81 c4 d8 00 00 00 c3 83 64 24 38 00 eb d6 cc 


Register to memory mapping:

RAX=0x0000000000000000 is an unknown value
RBX=0x00007ffeeab82cb8 is an unknown value
RCX=0x0000000000000000 is an unknown value
RDX=0x0000000000000000 is an unknown value
RSP=0x0000000015d9f1d0 is an unknown value
RBP=0x0000000015d9f310 is an unknown value
RSI=0x00000000ffffffff is an unallocated location in the heap
RDI=0x000000000058d780 is an unknown value
R8 =0x0000000000000000 is an unknown value
R9 =0x0000000000000000 is an unknown value
R10=0x0000000000000000 is an unknown value
R11=0x0000000000000000 is an unknown value
R12=0x0000000000000001 is an unknown value
R13=0x0000000000000008 is an unknown value
R14=0x0000000000000000 is an unknown value
R15=0xffffffffffffffff is an unknown value


Stack: [0x0000000015ca0000,0x0000000015da0000],  sp=0x0000000015d9f1d0,  free space=1020k
Native frames: (J=compiled Java code, j=interpreted, Vv=VM code, C=native code)
C  [KERNELBASE.dll+0x71f08]
C  [MSVCR110.dll+0x5e92c]
C  [MSVCR110.dll+0x1315c]
C  [MSVCR110.dll+0x136a9]
C  [MSVCR110.dll+0x13e9c]
C  [MSVCR110.dll+0x239e]
C  [MSVCR110.dll+0xaf9e]
C  [MSVCP110.dll+0x397b9]
C  [librdi_common.dll+0x14283e]
C  [librdi_common.dll+0x141449]
C  0x00007ffee6312400
C  0x00007ffee6312682
C  [ntdll.dll+0x15208]
C  [ntdll.dll+0x5b2aa]
C  [ntdll.dll+0x5b13a]
C  [KERNEL32.DLL+0x24d8a]
C  [MSVCR100.dll+0x20ccd]
V  [jvm.dll+0x20f135]
V  [jvm.dll+0x247ef7]
V  [jvm.dll+0x247196]
V  [jvm.dll+0x247631]
V  [jvm.dll+0x24784e]
V  [jvm.dll+0x29853a]
C  [MSVCR100.dll+0x21d9f]
C  [MSVCR100.dll+0x21e3b]
C  [KERNEL32.DLL+0x18102]
C  [ntdll.dll+0x5c574]

VM_Operation (0x000000000014f500): Exit, mode: safepoint, requested by thread 0x00000000025e2800


---------------  P R O C E S S  ---------------

Java Threads: ( => current thread )
  0x000000001c606000 JavaThread "Thread-19" daemon [_thread_blocked, id=3928, stack(0x0000000025c30000,0x0000000025d30000)]
  0x000000001c605000 JavaThread "TCF Locator DNS Lookup" daemon [_thread_blocked, id=5592, stack(0x00000000210b0000,0x00000000211b0000)]
  0x0000000018291800 JavaThread "TCF Locator Timer" daemon [_thread_blocked, id=7164, stack(0x0000000020fb0000,0x00000000210b0000)]
  0x0000000018290800 JavaThread "TCF Locator Receiver" daemon [_thread_in_native, id=8940, stack(0x0000000020eb0000,0x0000000020fb0000)]
  0x0000000018290000 JavaThread "TCF Timer Dispatcher" daemon [_thread_blocked, id=1676, stack(0x0000000020cb0000,0x0000000020db0000)]
  0x000000001903a000 JavaThread "EMF Reference Cleaner" daemon [_thread_blocked, id=9008, stack(0x000000001a910000,0x000000001aa10000)]
  0x0000000016072800 JavaThread "Service Thread" daemon [_thread_blocked, id=4688, stack(0x00000000169a0000,0x0000000016aa0000)]
  0x0000000013fdc000 JavaThread "C1 CompilerThread3" daemon [_thread_blocked, id=680, stack(0x00000000168a0000,0x00000000169a0000)]
  0x0000000015ffc000 JavaThread "C2 CompilerThread2" daemon [_thread_blocked, id=6268, stack(0x00000000167a0000,0x00000000168a0000)]
  0x0000000015fd9000 JavaThread "C2 CompilerThread1" daemon [_thread_blocked, id=2340, stack(0x00000000166a0000,0x00000000167a0000)]
  0x0000000015fd2800 JavaThread "C2 CompilerThread0" daemon [_thread_blocked, id=204, stack(0x00000000165a0000,0x00000000166a0000)]
  0x0000000015fd1000 JavaThread "Attach Listener" daemon [_thread_blocked, id=8728, stack(0x00000000164a0000,0x00000000165a0000)]
  0x0000000013fcc800 JavaThread "Finalizer" daemon [_thread_blocked, id=2980, stack(0x0000000015ea0000,0x0000000015fa0000)]
  0x0000000013fcb000 JavaThread "Reference Handler" daemon [_thread_blocked, id=3184, stack(0x0000000015da0000,0x0000000015ea0000)]
  0x00000000025e2800 JavaThread "main" [_thread_blocked, id=6644, stack(0x0000000000050000,0x0000000000150000)]

Other Threads:
=>0x0000000013fc7000 VMThread [stack: 0x0000000015ca0000,0x0000000015da0000] [id=3204]

VM state:at safepoint (shutting down)

VM Mutex/Monitor currently owned by a thread:  ([mutex/lock_event])
[0x000000000286db80] Threads_lock - owner thread: 0x0000000013fc7000

Heap:
 PSYoungGen      total 108032K, used 55490K [0x00000000f5580000, 0x00000000fdd00000, 0x0000000100000000)
  eden space 81408K, 44% used [0x00000000f5580000,0x00000000f78a9db8,0x00000000fa500000)
  from space 26624K, 73% used [0x00000000fc300000,0x00000000fd606b48,0x00000000fdd00000)
  to   space 28672K, 0% used [0x00000000fa500000,0x00000000fa500000,0x00000000fc100000)
 ParOldGen       total 114688K, used 36943K [0x00000000e0000000, 0x00000000e7000000, 0x00000000f5580000)
  object space 114688K, 32% used [0x00000000e0000000,0x00000000e2413cb8,0x00000000e7000000)
 Metaspace       used 81917K, capacity 88802K, committed 88960K, reserved 1126400K
  class space    used 9983K, capacity 12038K, committed 12160K, reserved 1048576K

Card table byte_map: [0x0000000002720000,0x0000000002830000] byte_map_base: 0x0000000002020000

Marking Bits: (ParMarkBitMap*) 0x0000000071a84040
 Begin Bits: [0x00000000124e0000, 0x0000000012ce0000)
 End Bits:   [0x0000000012ce0000, 0x00000000134e0000)

Polling page: 0x00000000004e0000

CodeCache: size=245760Kb used=33202Kb max_used=33306Kb free=212557Kb
 bounds [0x0000000002870000, 0x0000000004940000, 0x0000000011870000]
 total_blobs=10356 nmethods=9508 adapters=754
 compilation: enabled

Compilation events (10 events):
Event: 797.606 Thread 0x0000000013fdc000 nmethod 11712 0x00000000032e7610 code [0x00000000032e77a0, 0x00000000032e7cd8]
Event: 797.626 Thread 0x0000000015fd2800 11718       4       java.io.File::exists (43 bytes)
Event: 797.631 Thread 0x0000000015fd2800 nmethod 11718 0x0000000002fdf410 code [0x0000000002fdf560, 0x0000000002fdf768]
Event: 797.638 Thread 0x0000000015ffc000 nmethod 11708 0x0000000003d9d210 code [0x0000000003d9d4c0, 0x0000000003d9efc0]
Event: 797.709 Thread 0x0000000013fdc000 11719   !   3       org.eclipse.osgi.internal.baseadaptor.BaseStorage::compact (215 bytes)
Event: 797.711 Thread 0x0000000013fdc000 nmethod 11719 0x00000000034a3510 code [0x00000000034a3960, 0x00000000034a5e28]
Event: 797.729 Thread 0x0000000015fd9000 11720       4       java.io.File::isDirectory (43 bytes)
Event: 797.732 Thread 0x0000000015fd9000 nmethod 11720 0x0000000003ae68d0 code [0x0000000003ae6a20, 0x0000000003ae6c28]
Event: 797.825 Thread 0x0000000013fdc000 11721       3       org.eclipse.osgi.framework.internal.core.AbstractBundle::close (52 bytes)
Event: 797.826 Thread 0x0000000013fdc000 nmethod 11721 0x000000000345c750 code [0x000000000345c980, 0x000000000345d688]

GC Heap History (10 events):
Event: 178.765 GC heap before
{Heap before GC invocations=13 (full 3):
 PSYoungGen      total 102400K, used 100971K [0x00000000f5580000, 0x00000000fe080000, 0x0000000100000000)
  eden space 79360K, 100% used [0x00000000f5580000,0x00000000fa300000,0x00000000fa300000)
  from space 23040K, 93% used [0x00000000fa300000,0x00000000fb81af28,0x00000000fb980000)
  to   space 26112K, 0% used [0x00000000fc700000,0x00000000fc700000,0x00000000fe080000)
 ParOldGen       total 114688K, used 36903K [0x00000000e0000000, 0x00000000e7000000, 0x00000000f5580000)
  object space 114688K, 32% used [0x00000000e0000000,0x00000000e2409cb8,0x00000000e7000000)
 Metaspace       used 75957K, capacity 82552K, committed 82816K, reserved 1120256K
  class space    used 9504K, capacity 11589K, committed 11648K, reserved 1048576K
Event: 178.792 GC heap after
Heap after GC invocations=13 (full 3):
 PSYoungGen      total 113664K, used 20506K [0x00000000f5580000, 0x00000000fe100000, 0x0000000100000000)
  eden space 87552K, 0% used [0x00000000f5580000,0x00000000f5580000,0x00000000fab00000)
  from space 26112K, 78% used [0x00000000fc700000,0x00000000fdb06a70,0x00000000fe080000)
  to   space 27648K, 0% used [0x00000000fab00000,0x00000000fab00000,0x00000000fc600000)
 ParOldGen       total 114688K, used 36911K [0x00000000e0000000, 0x00000000e7000000, 0x00000000f5580000)
  object space 114688K, 32% used [0x00000000e0000000,0x00000000e240bcb8,0x00000000e7000000)
 Metaspace       used 75957K, capacity 82552K, committed 82816K, reserved 1120256K
  class space    used 9504K, capacity 11589K, committed 11648K, reserved 1048576K
}
Event: 221.858 GC heap before
{Heap before GC invocations=14 (full 3):
 PSYoungGen      total 113664K, used 108058K [0x00000000f5580000, 0x00000000fe100000, 0x0000000100000000)
  eden space 87552K, 100% used [0x00000000f5580000,0x00000000fab00000,0x00000000fab00000)
  from space 26112K, 78% used [0x00000000fc700000,0x00000000fdb06a70,0x00000000fe080000)
  to   space 27648K, 0% used [0x00000000fab00000,0x00000000fab00000,0x00000000fc600000)
 ParOldGen       total 114688K, used 36911K [0x00000000e0000000, 0x00000000e7000000, 0x00000000f5580000)
  object space 114688K, 32% used [0x00000000e0000000,0x00000000e240bcb8,0x00000000e7000000)
 Metaspace       used 77293K, capacity 83934K, committed 84224K, reserved 1122304K
  class space    used 9603K, capacity 11667K, committed 11776K, reserved 1048576K
Event: 221.889 GC heap after
Heap after GC invocations=14 (full 3):
 PSYoungGen      total 115200K, used 17452K [0x00000000f5580000, 0x00000000fe880000, 0x0000000100000000)
  eden space 87552K, 0% used [0x00000000f5580000,0x00000000f5580000,0x00000000fab00000)
  from space 27648K, 63% used [0x00000000fab00000,0x00000000fbc0b230,0x00000000fc600000)
  to   space 27648K, 0% used [0x00000000fcd80000,0x00000000fcd80000,0x00000000fe880000)
 ParOldGen       total 114688K, used 36919K [0x00000000e0000000, 0x00000000e7000000, 0x00000000f5580000)
  object space 114688K, 32% used [0x00000000e0000000,0x00000000e240dcb8,0x00000000e7000000)
 Metaspace       used 77293K, capacity 83934K, committed 84224K, reserved 1122304K
  class space    used 9603K, capacity 11667K, committed 11776K, reserved 1048576K
}
Event: 331.753 GC heap before
{Heap before GC invocations=15 (full 3):
 PSYoungGen      total 115200K, used 105004K [0x00000000f5580000, 0x00000000fe880000, 0x0000000100000000)
  eden space 87552K, 100% used [0x00000000f5580000,0x00000000fab00000,0x00000000fab00000)
  from space 27648K, 63% used [0x00000000fab00000,0x00000000fbc0b230,0x00000000fc600000)
  to   space 27648K, 0% used [0x00000000fcd80000,0x00000000fcd80000,0x00000000fe880000)
 ParOldGen       total 114688K, used 36919K [0x00000000e0000000, 0x00000000e7000000, 0x00000000f5580000)
  object space 114688K, 32% used [0x00000000e0000000,0x00000000e240dcb8,0x00000000e7000000)
 Metaspace       used 78859K, capacity 85716K, committed 85888K, reserved 1124352K
  class space    used 9725K, capacity 11832K, committed 11904K, reserved 1048576K
Event: 331.776 GC heap after
Heap after GC invocations=15 (full 3):
 PSYoungGen      total 104960K, used 19001K [0x00000000f5580000, 0x00000000fe080000, 0x0000000100000000)
  eden space 85504K, 0% used [0x00000000f5580000,0x00000000f5580000,0x00000000fa900000)
  from space 19456K, 97% used [0x00000000fcd80000,0x00000000fe00e638,0x00000000fe080000)
  to   space 28160K, 0% used [0x00000000fa980000,0x00000000fa980000,0x00000000fc500000)
 ParOldGen       total 114688K, used 36927K [0x00000000e0000000, 0x00000000e7000000, 0x00000000f5580000)
  object space 114688K, 32% used [0x00000000e0000000,0x00000000e240fcb8,0x00000000e7000000)
 Metaspace       used 78859K, capacity 85716K, committed 85888K, reserved 1124352K
  class space    used 9725K, capacity 11832K, committed 11904K, reserved 1048576K
}
Event: 489.860 GC heap before
{Heap before GC invocations=16 (full 3):
 PSYoungGen      total 104960K, used 104505K [0x00000000f5580000, 0x00000000fe080000, 0x0000000100000000)
  eden space 85504K, 100% used [0x00000000f5580000,0x00000000fa900000,0x00000000fa900000)
  from space 19456K, 97% used [0x00000000fcd80000,0x00000000fe00e638,0x00000000fe080000)
  to   space 28160K, 0% used [0x00000000fa980000,0x00000000fa980000,0x00000000fc500000)
 ParOldGen       total 114688K, used 36927K [0x00000000e0000000, 0x00000000e7000000, 0x00000000f5580000)
  object space 114688K, 32% used [0x00000000e0000000,0x00000000e240fcb8,0x00000000e7000000)
 Metaspace       used 79874K, capacity 86724K, committed 87040K, reserved 1124352K
  class space    used 9797K, capacity 11906K, committed 12032K, reserved 1048576K
Event: 489.884 GC heap after
Heap after GC invocations=16 (full 3):
 PSYoungGen      total 102912K, used 19009K [0x00000000f5580000, 0x00000000fdf00000, 0x0000000100000000)
  eden space 83456K, 0% used [0x00000000f5580000,0x00000000f5580000,0x00000000fa700000)
  from space 19456K, 97% used [0x00000000fa980000,0x00000000fbc106d8,0x00000000fbc80000)
  to   space 28672K, 0% used [0x00000000fc300000,0x00000000fc300000,0x00000000fdf00000)
 ParOldGen       total 114688K, used 36935K [0x00000000e0000000, 0x00000000e7000000, 0x00000000f5580000)
  object space 114688K, 32% used [0x00000000e0000000,0x00000000e2411cb8,0x00000000e7000000)
 Metaspace       used 79874K, capacity 86724K, committed 87040K, reserved 1124352K
  class space    used 9797K, capacity 11906K, committed 12032K, reserved 1048576K
}
Event: 603.466 GC heap before
{Heap before GC invocations=17 (full 3):
 PSYoungGen      total 102912K, used 102465K [0x00000000f5580000, 0x00000000fdf00000, 0x0000000100000000)
  eden space 83456K, 100% used [0x00000000f5580000,0x00000000fa700000,0x00000000fa700000)
  from space 19456K, 97% used [0x00000000fa980000,0x00000000fbc106d8,0x00000000fbc80000)
  to   space 28672K, 0% used [0x00000000fc300000,0x00000000fc300000,0x00000000fdf00000)
 ParOldGen       total 114688K, used 36935K [0x00000000e0000000, 0x00000000e7000000, 0x00000000f5580000)
  object space 114688K, 32% used [0x00000000e0000000,0x00000000e2411cb8,0x00000000e7000000)
 Metaspace       used 80917K, capacity 87764K, committed 88064K, reserved 1126400K
  class space    used 9877K, capacity 11973K, committed 12032K, reserved 1048576K
Event: 603.492 GC heap after
Heap after GC invocations=17 (full 3):
 PSYoungGen      total 108032K, used 19482K [0x00000000f5580000, 0x00000000fdd00000, 0x0000000100000000)
  eden space 81408K, 0% used [0x00000000f5580000,0x00000000f5580000,0x00000000fa500000)
  from space 26624K, 73% used [0x00000000fc300000,0x00000000fd606b48,0x00000000fdd00000)
  to   space 28672K, 0% used [0x00000000fa500000,0x00000000fa500000,0x00000000fc100000)
 ParOldGen       total 114688K, used 36943K [0x00000000e0000000, 0x00000000e7000000, 0x00000000f5580000)
  object space 114688K, 32% used [0x00000000e0000000,0x00000000e2413cb8,0x00000000e7000000)
 Metaspace       used 80917K, capacity 87764K, committed 88064K, reserved 1126400K
  class space    used 9877K, capacity 11973K, committed 12032K, reserved 1048576K
}

Deoptimization events (10 events):
Event: 796.883 Thread 0x00000000025e2800 Uncommon trap: reason=bimorphic action=maybe_recompile pc=0x00000000048bb914 method=org.eclipse.e4.core.internal.contexts.ContextObjectSupplier$ContextInjectionListener.update(Lorg/eclipse/e4/core/contexts/IEclipseContext;I[Ljava/lang/Object;)Z @ 189
Event: 796.945 Thread 0x000000001c60c800 Uncommon trap: reason=unstable_if action=reinterpret pc=0x00000000031dc960 method=java.nio.charset.CharsetEncoder.encode(Ljava/nio/CharBuffer;Ljava/nio/ByteBuffer;Z)Ljava/nio/charset/CoderResult; @ 105
Event: 796.957 Thread 0x00000000025e2800 Uncommon trap: reason=unstable_if action=reinterpret pc=0x00000000046d4a48 method=org.eclipse.swt.graphics.Resource.dispose()V @ 15
Event: 796.962 Thread 0x00000000025e2800 Uncommon trap: reason=unstable_if action=reinterpret pc=0x0000000003f91f6c method=sun.nio.cs.UTF_8$Encoder.encodeArrayLoop(Ljava/nio/CharBuffer;Ljava/nio/ByteBuffer;)Ljava/nio/charset/CoderResult; @ 87
Event: 797.493 Thread 0x00000000186a1000 Uncommon trap: reason=unstable_if action=reinterpret pc=0x00000000046e8cbc method=org.eclipse.core.internal.jobs.JobManager.startJob(Lorg/eclipse/core/internal/jobs/Worker;)Lorg/eclipse/core/runtime/jobs/Job; @ 20
Event: 797.517 Thread 0x00000000025e2800 Uncommon trap: reason=null_check action=make_not_entrant pc=0x00000000033b7ab8 method=org.eclipse.core.runtime.internal.adaptor.EclipseLazyStarter.shouldActivateFor(Ljava/lang/String;Lorg/eclipse/osgi/baseadaptor/BaseData;Lorg/eclipse/core/runtime/internalýY\þpìˆ@
Event: 797.555 Thread 0x00000000025e2800 Uncommon trap: reason=null_check action=maybe_recompile pc=0x0000000003aa4b7c method=com.xilinx.sdk.targetmanager.internal.json.XMDJSONProcess.issueCommand(Ljava/lang/String;)Lcom/xilinx/sdk/targetmanager/internal/IXMDResult; @ 3
Event: 797.569 Thread 0x00000000025e2800 Uncommon trap: reason=null_check action=make_not_entrant pc=0x000000000305668c method=java.lang.Class.reflectionData()Ljava/lang/Class$ReflectionData; @ 24
Event: 797.588 Thread 0x0000000019cc6800 Uncommon trap: reason=unstable_if action=reinterpret pc=0x00000000039047fc method=org.eclipse.core.internal.jobs.JobManager.nextJob()Lorg/eclipse/core/runtime/jobs/Job; @ 80
Event: 797.825 Thread 0x00000000025e2800 Uncommon trap: reason=unstable_if action=reinterpret pc=0x00000000047ec150 method=sun.reflect.UnsafeStaticObjectFieldAccessorImpl.set(Ljava/lang/Object;Ljava/lang/Object;)V @ 13

Internal exceptions (10 events):
Event: 796.662 Thread 0x00000000025e2800 Implicit null exception at 0x0000000004791305 to 0x0000000004791605
Event: 796.944 Thread 0x000000001c60b000 Exception <a 'java/lang/InterruptedException'> (0x00000000f7216d40) thrown at [C:\re\workspace\8-2-build-windows-amd64-cygwin\jdk8u45\3627\hotspot\src\share\vm\runtime\objectMonitor.cpp, line 1683]
Event: 797.517 Thread 0x00000000025e2800 Implicit null exception at 0x00000000033b6967 to 0x00000000033b7aa9
Event: 797.555 Thread 0x00000000025e2800 Exception <a 'java/lang/NullPointerException'> (0x00000000f7447cc8) thrown at [C:\re\workspace\8-2-build-windows-amd64-cygwin\jdk8u45\3627\hotspot\src\share\vm\prims\jvm.cpp, line 1386]
Event: 797.569 Thread 0x00000000025e2800 Implicit null exception at 0x00000000030563bb to 0x0000000003056669
Event: 797.607 Thread 0x0000000016f70800 Exception <a 'java/lang/InterruptedException': sleep interrupted> (0x00000000f7663878) thrown at [C:\re\workspace\8-2-build-windows-amd64-cygwin\jdk8u45\3627\hotspot\src\share\vm\prims\jvm.cpp, line 3211]
Event: 797.609 Thread 0x0000000019640800 Exception <a 'java/lang/InterruptedException'> (0x00000000f772f078) thrown at [C:\re\workspace\8-2-build-windows-amd64-cygwin\jdk8u45\3627\hotspot\src\share\vm\runtime\objectMonitor.cpp, line 1683]
Event: 797.609 Thread 0x0000000017049800 Exception <a 'java/lang/InterruptedException'> (0x00000000f774bb30) thrown at [C:\re\workspace\8-2-build-windows-amd64-cygwin\jdk8u45\3627\hotspot\src\share\vm\runtime\objectMonitor.cpp, line 1683]
Event: 797.825 Thread 0x0000000017956800 Exception <a 'java/lang/InterruptedException'> (0x00000000f758f958) thrown at [C:\re\workspace\8-2-build-windows-amd64-cygwin\jdk8u45\3627\hotspot\src\share\vm\runtime\objectMonitor.cpp, line 1683]
Event: 797.825 Thread 0x00000000025e2800 Implicit null exception at 0x00000000047ebe4f to 0x00000000047ec13d

Events (10 events):
Event: 797.826 Thread 0x00000000025e2800 DEOPT UNPACKING pc=0x00000000028b582a sp=0x000000000014ea38 mode 2
Event: 797.826 Thread 0x0000000016341800 Thread exited: 0x0000000016341800
Event: 797.826 loading class java/util/IdentityHashMap$KeyIterator
Event: 797.826 loading class java/util/IdentityHashMap$IdentityHashMapIterator
Event: 797.826 loading class java/util/IdentityHashMap$IdentityHashMapIterator done
Event: 797.826 loading class java/util/IdentityHashMap$KeyIterator done
Event: 797.826 Thread 0x0000000019cc9000 Thread added: 0x0000000019cc9000
Event: 797.827 Thread 0x0000000019cc9000 Thread exited: 0x0000000019cc9000
Event: 797.828 Thread 0x0000000015fcf800 Thread exited: 0x0000000015fcf800
Event: 797.828 Executing VM operation: Exit


Dynamic libraries:
0x0000000000400000 - 0x000000000044f000 	C:\Xilinx\SDK\2015.4\eclipse\win64.o\eclipse.exe
0x00007ffef7240000 - 0x00007ffef7401000 	C:\WINDOWS\SYSTEM32\ntdll.dll
0x00007ffef6960000 - 0x00007ffef6a0d000 	C:\WINDOWS\system32\KERNEL32.DLL
0x00007ffef39b0000 - 0x00007ffef3b98000 	C:\WINDOWS\system32\KERNELBASE.dll
0x00007ffef7070000 - 0x00007ffef71c6000 	C:\WINDOWS\system32\USER32.dll
0x00007ffef5e70000 - 0x00007ffef5ff6000 	C:\WINDOWS\system32\GDI32.dll
0x00007ffef60d0000 - 0x00007ffef616d000 	C:\WINDOWS\system32\msvcrt.dll
0x00007ffeec7d0000 - 0x00007ffeeca44000 	C:\WINDOWS\WinSxS\amd64_microsoft.windows.common-controls_6595b64144ccf1df_6.0.10586.0_none_8c15ae12515e1c22\COMCTL32.dll
0x00007ffef61d0000 - 0x00007ffef644d000 	C:\WINDOWS\system32\combase.dll
0x00007ffef5ba0000 - 0x00007ffef5cbc000 	C:\WINDOWS\system32\RPCRT4.dll
0x00007ffef3d70000 - 0x00007ffef3dda000 	C:\WINDOWS\system32\bcryptPrimitives.dll
0x00007ffef6180000 - 0x00007ffef61bb000 	C:\WINDOWS\system32\IMM32.DLL
0x0000000072000000 - 0x0000000072012000 	C:\Xilinx\SDK\2015.4\eclipse\win64.o\plugins\org.eclipse.equinox.launcher.win32.win32.x86_64_1.1.200.v20140116-2212\eclipse_1503.dll
0x00007ffef6a10000 - 0x00007ffef6ab7000 	C:\WINDOWS\system32\ADVAPI32.dll
0x00007ffef6630000 - 0x00007ffef668b000 	C:\WINDOWS\system32\sechost.dll
0x00007ffeefe10000 - 0x00007ffeefe1a000 	C:\WINDOWS\SYSTEM32\VERSION.dll
0x00007ffef21e0000 - 0x00007ffef2276000 	C:\WINDOWS\system32\uxtheme.dll
0x00007ffef6800000 - 0x00007ffef695a000 	C:\WINDOWS\system32\MSCTF.dll
0x0000000071280000 - 0x0000000071b03000 	C:\Xilinx\SDK\2015.4\tps\win64\jre\bin\server\jvm.dll
0x00007ffef61c0000 - 0x00007ffef61c8000 	C:\WINDOWS\system32\PSAPI.DLL
0x00007ffeedf20000 - 0x00007ffeedf29000 	C:\WINDOWS\SYSTEM32\WSOCK32.dll
0x00007ffef1830000 - 0x00007ffef1853000 	C:\WINDOWS\SYSTEM32\WINMM.dll
0x00000000728f0000 - 0x00000000729c2000 	C:\WINDOWS\SYSTEM32\MSVCR100.dll
0x00007ffef6b20000 - 0x00007ffef6b8b000 	C:\WINDOWS\system32\WS2_32.dll
0x00007ffef1800000 - 0x00007ffef182c000 	C:\WINDOWS\SYSTEM32\WINMMBASE.dll
0x00007ffef3ef0000 - 0x00007ffef3f33000 	C:\WINDOWS\system32\cfgmgr32.dll
0x0000000071140000 - 0x000000007114f000 	C:\Xilinx\SDK\2015.4\tps\win64\jre\bin\verify.dll
0x0000000071110000 - 0x0000000071139000 	C:\Xilinx\SDK\2015.4\tps\win64\jre\bin\java.dll
0x00000000710f0000 - 0x0000000071106000 	C:\Xilinx\SDK\2015.4\tps\win64\jre\bin\zip.dll
0x00007ffef4640000 - 0x00007ffef5b9c000 	C:\WINDOWS\system32\SHELL32.dll
0x00007ffef3ff0000 - 0x00007ffef4635000 	C:\WINDOWS\system32\windows.storage.dll
0x00007ffef6070000 - 0x00007ffef60c2000 	C:\WINDOWS\system32\shlwapi.dll
0x00007ffef38e0000 - 0x00007ffef38ef000 	C:\WINDOWS\system32\kernel.appcore.dll
0x00007ffef38f0000 - 0x00007ffef39a5000 	C:\WINDOWS\system32\shcore.dll
0x00007ffef3890000 - 0x00007ffef38db000 	C:\WINDOWS\system32\powrprof.dll
0x00007ffef3860000 - 0x00007ffef3874000 	C:\WINDOWS\system32\profapi.dll
0x00007ffef3240000 - 0x00007ffef3257000 	C:\WINDOWS\SYSTEM32\CRYPTSP.dll
0x00007ffef2ed0000 - 0x00007ffef2f04000 	C:\WINDOWS\system32\rsaenh.dll
0x00007ffef3790000 - 0x00007ffef37b9000 	C:\WINDOWS\SYSTEM32\bcrypt.dll
0x00007ffef3020000 - 0x00007ffef303f000 	C:\WINDOWS\SYSTEM32\USERENV.dll
0x00007ffef3360000 - 0x00007ffef336b000 	C:\WINDOWS\SYSTEM32\CRYPTBASE.dll
0x00000000710d0000 - 0x00000000710ea000 	C:\Xilinx\SDK\2015.4\tps\win64\jre\bin\net.dll
0x00007ffef3190000 - 0x00007ffef31ec000 	C:\WINDOWS\system32\mswsock.dll
0x00007ffeef000000 - 0x00007ffeef038000 	C:\WINDOWS\SYSTEM32\IPHLPAPI.DLL
0x00007ffef7230000 - 0x00007ffef7238000 	C:\WINDOWS\system32\NSI.dll
0x00007ffeeeea0000 - 0x00007ffeeeeb6000 	C:\WINDOWS\SYSTEM32\dhcpcsvc6.DLL
0x00007ffeeee80000 - 0x00007ffeeee9a000 	C:\WINDOWS\SYSTEM32\dhcpcsvc.DLL
0x00000000710b0000 - 0x00000000710c1000 	C:\Xilinx\SDK\2015.4\tps\win64\jre\bin\nio.dll
0x00007ffee6910000 - 0x00007ffee6926000 	C:\WINDOWS\system32\napinsp.dll
0x00007ffee68f0000 - 0x00007ffee690a000 	C:\WINDOWS\system32\pnrpnsp.dll
0x00007ffef17e0000 - 0x00007ffef17f8000 	C:\WINDOWS\system32\NLAapi.dll
0x00007ffef2280000 - 0x00007ffef232a000 	C:\WINDOWS\SYSTEM32\DNSAPI.dll
0x00007ffee69b0000 - 0x00007ffee69bd000 	C:\WINDOWS\System32\winrnr.dll
0x00007ffeeb1f0000 - 0x00007ffeeb1fa000 	C:\Windows\System32\rasadhlp.dll
0x00007ffeef050000 - 0x00007ffeef0b7000 	C:\WINDOWS\System32\fwpuclnt.dll
0x00007ffef6690000 - 0x00007ffef67d3000 	C:\WINDOWS\system32\ole32.dll
0x00007ffef6fc0000 - 0x00007ffef7067000 	C:\WINDOWS\system32\clbcatq.dll
0x0000000019d50000 - 0x0000000019df8000 	C:\Users\emink\.Xilinx\SDK\2015.4\org.eclipse.osgi\bundles\303\1\.cp\swt-win32-4335.dll
0x00007ffef6560000 - 0x00007ffef6621000 	C:\WINDOWS\system32\OLEAUT32.dll
0x00007ffef6450000 - 0x00007ffef655b000 	C:\WINDOWS\system32\comdlg32.dll
0x00007ffef3e60000 - 0x00007ffef3ee6000 	C:\WINDOWS\system32\FirewallAPI.dll
0x00007ffef3de0000 - 0x00007ffef3df7000 	C:\WINDOWS\system32\NETAPI32.dll
0x00007ffef3ba0000 - 0x00007ffef3d67000 	C:\WINDOWS\system32\CRYPT32.dll
0x00007ffef3880000 - 0x00007ffef3890000 	C:\WINDOWS\system32\MSASN1.dll
0x00007ffedb0f0000 - 0x00007ffedb108000 	C:\WINDOWS\SYSTEM32\USP10.dll
0x00007ffeda910000 - 0x00007ffeda994000 	C:\WINDOWS\SYSTEM32\WINSPOOL.DRV
0x00007ffee7fb0000 - 0x00007ffee8259000 	C:\WINDOWS\SYSTEM32\WININET.dll
0x00007ffeee330000 - 0x00007ffeee33c000 	C:\WINDOWS\SYSTEM32\DAVHLPR.DLL
0x00007ffef25e0000 - 0x00007ffef2612000 	C:\WINDOWS\SYSTEM32\fwbase.dll
0x00007ffef1960000 - 0x00007ffef1982000 	C:\WINDOWS\system32\dwmapi.dll
0x00007ffef0e50000 - 0x00007ffef0fd6000 	C:\WINDOWS\SYSTEM32\propsys.dll
0x0000000019e90000 - 0x0000000019eae000 	C:\Users\emink\.Xilinx\SDK\2015.4\org.eclipse.osgi\bundles\303\1\.cp\swt-gdip-win32-4335.dll
0x00007ffedc110000 - 0x00007ffedc2b8000 	C:\WINDOWS\WinSxS\amd64_microsoft.windows.gdiplus_6595b64144ccf1df_1.1.10586.20_none_db007f1392e69ef4\gdiplus.dll
0x00007ffef04a0000 - 0x00007ffef0651000 	C:\WINDOWS\SYSTEM32\WindowsCodecs.dll
0x0000000180000000 - 0x0000000180012000 	C:\Users\emink\.Xilinx\SDK\2015.4\org.eclipse.osgi\bundles\121\1\.cp\os\win32\x86_64\localfile_1_0_0.dll
0x00007ffed9a50000 - 0x00007ffed9a61000 	C:\Users\emink\.Xilinx\SDK\2015.4\org.eclipse.osgi\bundles\124\1\.cp\jWinHttp-1.0.0.dll
0x00007ffeede40000 - 0x00007ffeedf08000 	C:\WINDOWS\SYSTEM32\WINHTTP.dll
0x00007ffeeb690000 - 0x00007ffeeb6fa000 	C:\WINDOWS\SYSTEM32\oleacc.dll
0x00007ffeeb820000 - 0x00007ffeeb86a000 	C:\WINDOWS\system32\dataexchange.dll
0x00007ffef10c0000 - 0x00007ffef1368000 	C:\WINDOWS\system32\d3d11.dll
0x00007ffef1ba0000 - 0x00007ffef1c83000 	C:\WINDOWS\system32\dcomp.dll
0x00007ffef0da0000 - 0x00007ffef0e42000 	C:\WINDOWS\system32\dxgi.dll
0x00007ffef2380000 - 0x00007ffef2480000 	C:\WINDOWS\system32\twinapi.appcore.dll
0x00007ffee2520000 - 0x00007ffee255e000 	C:\WINDOWS\system32\mlang.dll
0x00007ffeeb9d0000 - 0x00007ffeeb9df000 	C:\Xilinx\SDK\2015.4\lib\win64.o\librdi_repo_manager.dll
0x00007ffed8d50000 - 0x00007ffed8d7a000 	C:\Xilinx\SDK\2015.4\lib\win64.o\libisl_sysinfo.dll
0x00007ffeeabb0000 - 0x00007ffeeac57000 	C:\WINDOWS\SYSTEM32\MSVCP110.dll
0x00007ffeb7d60000 - 0x00007ffeb7f4c000 	C:\Xilinx\SDK\2015.4\lib\win64.o\librdi_hsm.dll
0x00007ffed42c0000 - 0x00007ffed4314000 	C:\Xilinx\SDK\2015.4\lib\win64.o\librdi_commonxillic.dll
0x00007ffeeaad0000 - 0x00007ffeeaba4000 	C:\WINDOWS\SYSTEM32\MSVCR110.dll
0x00007ffeb73d0000 - 0x00007ffeb7d5d000 	C:\Xilinx\SDK\2015.4\lib\win64.o\librdi_common.dll
0x00007ffeb71b0000 - 0x00007ffeb73ce000 	C:\Xilinx\SDK\2015.4\lib\win64.o\libXil_lmgr11.dll
0x00007ffed59b0000 - 0x00007ffed59d2000 	C:\Xilinx\SDK\2015.4\lib\win64.o\libboost_filesystem.dll
0x00007ffeb6dd0000 - 0x00007ffeb6eca000 	C:\Xilinx\SDK\2015.4\lib\win64.o\libboost_regex.dll
0x00007ffee9bf0000 - 0x00007ffee9bf9000 	C:\Xilinx\SDK\2015.4\lib\win64.o\libboost_system.dll
0x00007ffef3e00000 - 0x00007ffef3e55000 	C:\WINDOWS\system32\WINTRUST.dll
0x00007ffeb7160000 - 0x00007ffeb71a3000 	C:\Xilinx\SDK\2015.4\lib\win64.o\librdi_hdf.dll
0x00007ffeb6aa0000 - 0x00007ffeb6cf5000 	C:\Xilinx\SDK\2015.4\lib\win64.o\librdi_ippcw.dll
0x0000000071150000 - 0x0000000071277000 	C:\Xilinx\SDK\2015.4\lib\win64.o\tcl85t.dll
0x00007ffeb6730000 - 0x00007ffeb6a9e000 	C:\Xilinx\SDK\2015.4\lib\win64.o\libCOIN-all.dll
0x00007ffeb70e0000 - 0x00007ffeb7154000 	C:\Xilinx\SDK\2015.4\lib\win64.o\libboost_program_options.dll
0x00007ffed8d30000 - 0x00007ffed8d43000 	C:\Xilinx\SDK\2015.4\lib\win64.o\libboost_signals.dll
0x00007ffee9370000 - 0x00007ffee9380000 	C:\Xilinx\SDK\2015.4\lib\win64.o\libboost_date_time.dll
0x00007ffed42a0000 - 0x00007ffed42bd000 	C:\Xilinx\SDK\2015.4\lib\win64.o\libboost_thread.dll
0x00007ffee92e0000 - 0x00007ffee92eb000 	C:\Xilinx\SDK\2015.4\lib\win64.o\libboost_xilinx.dll
0x00007ffeb6d50000 - 0x00007ffeb6dd0000 	C:\Xilinx\SDK\2015.4\lib\win64.o\libhdlpsolve.dll
0x00007ffeb6690000 - 0x00007ffeb672a000 	C:\Xilinx\SDK\2015.4\lib\win64.o\libhdxml.dll
0x00007ffeb6250000 - 0x00007ffeb6684e00 	C:\Xilinx\SDK\2015.4\lib\win64.o\libisl_iostreams.dll
0x00007ffeb6230000 - 0x00007ffeb6245000 	C:\Xilinx\SDK\2015.4\lib\win64.o\pthreadVC2.dll
0x00007ffeb6100000 - 0x00007ffeb6230000 	C:\Xilinx\SDK\2015.4\lib\win64.o\librdi_curl.dll
0x00007ffeb60d0000 - 0x00007ffeb60f3000 	C:\Xilinx\SDK\2015.4\lib\win64.o\librdizlib.dll
0x00007ffee9840000 - 0x00007ffee99f8000 	C:\WINDOWS\SYSTEM32\urlmon.dll
0x00007ffee0be0000 - 0x00007ffee0c03000 	C:\WINDOWS\SYSTEM32\VCOMP110.DLL
0x00000000225c0000 - 0x0000000022823000 	C:\Xilinx\SDK\2015.4\lib\win64.o\xerces-c_3_1.dll
0x00007ffee8d20000 - 0x00007ffee8d2b000 	C:\Xilinx\SDK\2015.4\lib\win64.o\libboost_chrono.dll
0x00007ffeec310000 - 0x00007ffeec693000 	C:\WINDOWS\SYSTEM32\iertutil.dll
0x00007ffeb5e30000 - 0x00007ffeb5e53000 	C:\Xilinx\SDK\2015.4\lib\win64.o\libisl_iosutils.dll
0x00007ffeb5e10000 - 0x00007ffeb5e26000 	C:\Xilinx\SDK\2015.4\lib\win64.o\libboost_iostreams.dll
0x00007ffeb5df0000 - 0x00007ffeb5e08000 	C:\Xilinx\SDK\2015.4\lib\win64.o\librdiconfig.dll
0x00007ffee78e0000 - 0x00007ffee78e7000 	C:\WINDOWS\SYSTEM32\msimg32.dll
0x00007ffee53f0000 - 0x00007ffee5440000 	C:\WINDOWS\SYSTEM32\edputil.dll
0x00007ffeb49e0000 - 0x00007ffeb51f0000 	C:\Xilinx\SDK\2015.4\lib\win64.o\libXil_lmgr11FNP.dll
0x00007ffef6b90000 - 0x00007ffef6fb9000 	C:\WINDOWS\system32\SETUPAPI.dll
0x00007ffeeec00000 - 0x00007ffeeec0c000 	C:\WINDOWS\SYSTEM32\snmpapi.dll
0x00007ffef3540000 - 0x00007ffef356d000 	C:\WINDOWS\SYSTEM32\SspiCli.dll
0x00007ffef2350000 - 0x00007ffef2377000 	C:\WINDOWS\SYSTEM32\DEVOBJ.dll
0x00007ffee9e80000 - 0x00007ffee9eff000 	C:\WINDOWS\SYSTEM32\wbemcomn.dll
0x00007ffee7bb0000 - 0x00007ffee7ca6000 	C:\WINDOWS\system32\wbem\fastprox.dll

VM Arguments:
jvm_args: -Dcom.xilinx.sdk.args.hwspec=C:/Users/emink/Desktop/git/emnkse_Oled/test_oled.sdk/system_wrapper.hdf -Xms64m -Xmx512m & 
java_command: <unknown>
java_class_path (initial): C:\Xilinx\SDK\2015.4\eclipse\win64.o\\plugins/org.eclipse.equinox.launcher_1.3.0.v20130327-1440.jar
Launcher Type: generic

Environment Variables:
PATH=C:/Xilinx/SDK/2015.4/tps/win64/jre/bin/server;C:/Xilinx/SDK/2015.4/tps/win64/jre/bin;C:/Xilinx/SDK/2015.4/tps/win64/jre/lib/amd64;C:\Xilinx\SDK\2015.4\gnuwin\bin;C:\Xilinx\SDK\2015.4\gnu\microblaze\nt\bin;C:\Xilinx\SDK\2015.4\gnu\microblaze\linux_toolchain\nt64_le\bin;C:\Xilinx\SDK\2015.4\gnu\microblaze\linux_toolchain\nt64_be\bin;C:\Xilinx\SDK\2015.4\gnu\arm\nt\bin;C:\Xilinx\SDK\2015.4\gnu\aarch64\nt\aarch64-none\bin;C:\Xilinx\SDK\2015.4\gnu\aarch64\nt\aarch64-linux\bin;C:\Xilinx\SDK\2015.4\gnu\armr5\nt\gcc-arm-none-eabi\bin;C:\Xilinx\SDK\2015.4\gnu\aarch32\nt\gcc-arm-none-eabi\bin;C:\Xilinx\SDK\2015.4\gnu\aarch32\nt\gcc-arm-linux-gnueabi\bin;C:\Xilinx\SDK\2015.4\bin;C:\Xilinx\SDK\2015.4\lib\win64.o;C:\Xilinx\SDK\2015.4\tps\win64\jre\bin\server;C:\Xilinx\SDK\2015.4\tps\win64\jre\bin;C:\Xilinx\Vivado\2015.4\ids_lite\ISE\bin\nt64;C:\Xilinx\Vivado\2015.4\ids_lite\ISE\lib\nt64;C:\Xilinx\Vivado\2015.4\bin;C:\Xilinx\Vivado\2015.4\lib\win64.o;C:\Xilinx\Vivado\2015.4\tps\win64\jre\bin\server;C:\Xilinx\Vivado\2015.4\tps\win64\jre\bin;C:\Xilinx\Vivado_HLS\2015.4\bin;C:\ProgramData\Oracle\Java\javapath;C:\mentorgraphics\9.5PADS\SDD_HOME\common\win32\bin;C:\mentorgraphics\9.5PADS\SDD_HOME\common\win32\lib;C:\mentorgraphics\9.5PADS\MGC_HOME.ixn\bin;C:\mentorgraphics\9.5PADS\MGC_HOME.ixn\lib;C:\WINDOWS\system32;C:\WINDOWS;C:\WINDOWS\System32\Wbem;C:\WINDOWS\System32\WindowsPowerShell\v1.0\;C:\Program Files (x86)\ATI Technologies\ATI.ACE\Core-Static;C:\Program Files\TortoiseSVN\bin;C:\Program Files\MiKTeX 2.9\miktex\bin\x64\;;C:\Users\emink\Desktop\git\emnkse_Oled;
USERNAME=emink
OS=Windows_NT
PROCESSOR_IDENTIFIER=AMD64 Family 21 Model 2 Stepping 0, AuthenticAMD



---------------  S Y S T E M  ---------------

OS: Windows 10.0 , 64 bit Build 10586 (10.0.10586.0)

CPU:total 8 (8 cores per cpu, 1 threads per core) family 21 model 2 stepping 0, cmov, cx8, fxsr, mmx, sse, sse2, sse3, ssse3, sse4.1, sse4.2, popcnt, avx, aes, clmul, mmxext, 3dnowpref, lzcnt, sse4a, tsc, tscinvbit, tscinv, bmi1

Memory: 4k page, physical 8348380k(4809188k free), swap 9659100k(4952304k free)

vm_info: Java HotSpot(TM) 64-Bit Server VM (25.45-b02) for windows-amd64 JRE (1.8.0_45-b15), built on Apr 30 2015 12:40:44 by "java_re" with MS VC++ 10.0 (VS2010)

time: Sun Feb 28 17:32:59 2016
elapsed time: 798 seconds (0d 0h 13m 18s)

