#-----------------------------------------------------------
# Vivado v2015.4 (64-bit)
# SW Build 1412921 on Wed Nov 18 09:43:45 MST 2015
# IP Build 1412160 on Tue Nov 17 13:47:24 MST 2015
# Start of session at: Sun Feb 28 18:02:20 2016
# Process ID: 4908
# Current directory: C:/Users/emink/Desktop/git/emnkse_Oled
# Command line: vivado.exe -gui_launcher_event rodinguilauncherevent6936 C:\Users\emink\Desktop\git\emnkse_Oled\test_oled.xpr
# Log file: C:/Users/emink/Desktop/git/emnkse_Oled/vivado.log
# Journal file: C:/Users/emink/Desktop/git/emnkse_Oled\vivado.jou
#-----------------------------------------------------------
start_gui
open_project C:/Users/emink/Desktop/git/emnkse_Oled/test_oled.xpr
Scanning sources...
Finished scanning sources
INFO: [IP_Flow 19-234] Refreshing IP repositories
INFO: [IP_Flow 19-1700] Loaded user IP repository 'c:/Users/emink/Desktop/git/ZedboardOLED-v1.0-IP/tamu.edu_user_ZedboardOLED_1.0'.
INFO: [IP_Flow 19-2313] Loaded Vivado IP repository 'C:/Xilinx/Vivado/2015.4/data/ip'.
open_project: Time (s): cpu = 00:00:20 ; elapsed = 00:00:09 . Memory (MB): peak = 807.047 ; gain = 158.273
open_bd_design {C:/Users/emink/Desktop/git/emnkse_Oled/test_oled.srcs/sources_1/bd/system/system.bd}
Adding component instance block -- xilinx.com:ip:processing_system7:5.5 - processing_system7_0
Adding component instance block -- tamu.edu:user:ZedboardOLED:1.0 - ZedboardOLED_0
Adding component instance block -- xilinx.com:ip:proc_sys_reset:5.0 - rst_processing_system7_0_100M
INFO: [Ipptcl 7-1463] No Compatible Board Interface found. Board Tab not created in customize GUI
Adding component instance block -- xilinx.com:ip:axi_protocol_converter:2.1 - auto_pc
Successfully read diagram <system> from BD file <C:/Users/emink/Desktop/git/emnkse_Oled/test_oled.srcs/sources_1/bd/system/system.bd>
open_bd_design: Time (s): cpu = 00:00:13 ; elapsed = 00:00:11 . Memory (MB): peak = 868.918 ; gain = 61.871
exit
INFO: [Common 17-206] Exiting Vivado at Sun Feb 28 18:05:02 2016...
