#-----------------------------------------------------------
# Vivado v2015.4 (64-bit)
# SW Build 1412921 on Wed Nov 18 09:43:45 MST 2015
# IP Build 1412160 on Tue Nov 17 13:47:24 MST 2015
# Start of session at: Sun Feb 28 17:19:09 2016
# Process ID: 8844
# Current directory: C:/Users/emink/Desktop/git/emnkse_Oled
# Command line: vivado.exe -gui_launcher_event rodinguilauncherevent3972 C:\Users\emink\Desktop\git\emnkse_Oled\test_oled.xpr
# Log file: C:/Users/emink/Desktop/git/emnkse_Oled/vivado.log
# Journal file: C:/Users/emink/Desktop/git/emnkse_Oled\vivado.jou
#-----------------------------------------------------------
start_gui
open_project C:/Users/emink/Desktop/git/emnkse_Oled/test_oled.xpr
Scanning sources...
Finished scanning sources
INFO: [IP_Flow 19-234] Refreshing IP repositories
INFO: [IP_Flow 19-1700] Loaded user IP repository 'c:/Users/emink/Desktop/git/ZedboardOLED-v1.0-IP/tamu.edu_user_ZedboardOLED_1.0'.
INFO: [IP_Flow 19-2313] Loaded Vivado IP repository 'C:/Xilinx/Vivado/2015.4/data/ip'.
open_project: Time (s): cpu = 00:00:19 ; elapsed = 00:00:09 . Memory (MB): peak = 794.367 ; gain = 133.688
launch_sdk -workspace C:/Users/emink/Desktop/git/emnkse_Oled/test_oled.sdk -hwspec C:/Users/emink/Desktop/git/emnkse_Oled/test_oled.sdk/system_wrapper.hdf
INFO: [Vivado 12-393] Launching SDK...
INFO: [Vivado 12-417] Running xsdk -workspace C:/Users/emink/Desktop/git/emnkse_Oled/test_oled.sdk -hwspec C:/Users/emink/Desktop/git/emnkse_Oled/test_oled.sdk/system_wrapper.hdf
INFO: [Vivado 12-3157] SDK launch initiated. Please check console for any further messages.
file copy -force C:/Users/emink/Desktop/git/emnkse_Oled/test_oled.runs/impl_1/system_wrapper.sysdef C:/Users/emink/Desktop/git/emnkse_Oled/test_oled.sdk/system_wrapper.hdf

file copy -force C:/Users/emink/Desktop/git/emnkse_Oled/test_oled.runs/impl_1/system_wrapper.sysdef C:/Users/emink/Desktop/git/emnkse_Oled/system_wrapper.hdf

launch_sdk -workspace C:/Users/emink/Desktop/git/emnkse_Oled -hwspec C:/Users/emink/Desktop/git/emnkse_Oled/system_wrapper.hdf
INFO: [Vivado 12-393] Launching SDK...
INFO: [Vivado 12-417] Running xsdk -workspace C:/Users/emink/Desktop/git/emnkse_Oled -hwspec C:/Users/emink/Desktop/git/emnkse_Oled/system_wrapper.hdf
INFO: [Vivado 12-3157] SDK launch initiated. Please check console for any further messages.
exit
INFO: [Common 17-206] Exiting Vivado at Sun Feb 28 18:01:52 2016...
